<?xml version="1.0" encoding="UTF-8"?>
<!-- Generated by org.testng.reporters.JUnitReportReporter -->
<testsuite hostname="DESKTOP-OLEVU1S" failures="0" tests="1" name="TestScripts.TC02_VTiger_Organizations_test" time="19.425" errors="0" timestamp="2024-12-12T22:29:25 IST" skipped="0">
  <testcase classname="TestScripts.TC02_VTiger_Organizations_test" name="contacts" time="19.425"/>
  <system-out/>
</testsuite> <!-- TestScripts.TC02_VTiger_Organizations_test -->
